<?xml version="1.0" encoding="UTF-8"?>
<!-- Generated by org.testng.reporters.JUnitReportReporter -->
<testsuite hostname="LAPTOP-S6NNUT0A" name="testrunner.Testrunner" tests="1" failures="0" timestamp="9 Dec 2020 08:01:48 GMT" time="14.845" errors="0">
  <testcase name="runScenario" time="14.845" classname="testrunner.Testrunner"/>
</testsuite> <!-- testrunner.Testrunner -->
