<?xml version="1.0" encoding="UTF-8"?>
<!-- Generated by org.testng.reporters.JUnitReportReporter -->
<testsuite hostname="LAPTOP-S6NNUT0A" name="testrunner.Testrunner" tests="1" failures="0" timestamp="9 Dec 2020 09:30:58 GMT" time="21.009" errors="0">
  <testcase name="runScenario" time="21.009" classname="testrunner.Testrunner"/>
</testsuite> <!-- testrunner.Testrunner -->
